<?xml version="1.0" encoding="UTF-8"?>
<!-- Generated by org.testng.reporters.JUnitReportReporter -->
<testsuite hostname="DESKTOP-GO6B3DD" failures="0" tests="3" name="md.starnet.test.MyStarnetMdTest" time="22.150" errors="0" timestamp="2022-07-28T12:23:41 EEST" skipped="0">
  <testcase classname="md.starnet.test.MyStarnetMdTest" name="pageObjectTest" time="4.719"/>
  <system-out/>
  <testcase classname="md.starnet.test.MyStarnetMdTest" name="myStarnetMdTest" time="12.802"/>
  <system-out/>
  <testcase classname="md.starnet.test.MyStarnetMdTest" name="prototypeTest" time="4.629"/>
  <system-out/>
</testsuite> <!-- md.starnet.test.MyStarnetMdTest -->
